C:\USERS\ADAM\DOCUMENTS\VISUAL STUDIO 2012\PROJECTS\OOP ASSIGNMENT 2\OOP ASSIGNMENT 2\DEBUG\BANK.OBJ
C:\USERS\ADAM\DOCUMENTS\VISUAL STUDIO 2012\PROJECTS\OOP ASSIGNMENT 2\OOP ASSIGNMENT 2\DEBUG\MAIN.OBJ
C:\USERS\ADAM\DOCUMENTS\VISUAL STUDIO 2012\PROJECTS\OOP ASSIGNMENT 2\OOP ASSIGNMENT 2\DEBUG\VC110.PDB
C:\USERS\ADAM\DOCUMENTS\VISUAL STUDIO 2012\PROJECTS\OOP ASSIGNMENT 2\DEBUG\OOP ASSIGNMENT 2.ILK
C:\USERS\ADAM\DOCUMENTS\VISUAL STUDIO 2012\PROJECTS\OOP ASSIGNMENT 2\DEBUG\OOP ASSIGNMENT 2.EXE
C:\USERS\ADAM\DOCUMENTS\VISUAL STUDIO 2012\PROJECTS\OOP ASSIGNMENT 2\DEBUG\OOP ASSIGNMENT 2.PDB
c:\Users\Adam\documents\visual studio 2012\Projects\OOP Assignment 2\OOP Assignment 2\Debug\Bank.obj
c:\Users\Adam\documents\visual studio 2012\Projects\OOP Assignment 2\OOP Assignment 2\Debug\Main.obj
c:\Users\Adam\documents\visual studio 2012\Projects\OOP Assignment 2\OOP Assignment 2\Debug\cl.command.1.tlog
c:\Users\Adam\documents\visual studio 2012\Projects\OOP Assignment 2\OOP Assignment 2\Debug\CL.read.1.tlog
c:\Users\Adam\documents\visual studio 2012\Projects\OOP Assignment 2\OOP Assignment 2\Debug\CL.write.1.tlog
c:\Users\Adam\documents\visual studio 2012\Projects\OOP Assignment 2\OOP Assignment 2\Debug\link-cvtres.read.1.tlog
c:\Users\Adam\documents\visual studio 2012\Projects\OOP Assignment 2\OOP Assignment 2\Debug\link-cvtres.write.1.tlog
c:\Users\Adam\documents\visual studio 2012\Projects\OOP Assignment 2\OOP Assignment 2\Debug\link-rc.read.1.tlog
c:\Users\Adam\documents\visual studio 2012\Projects\OOP Assignment 2\OOP Assignment 2\Debug\link-rc.write.1.tlog
c:\Users\Adam\documents\visual studio 2012\Projects\OOP Assignment 2\OOP Assignment 2\Debug\link.5624-cvtres.read.1.tlog
c:\Users\Adam\documents\visual studio 2012\Projects\OOP Assignment 2\OOP Assignment 2\Debug\link.5624-cvtres.write.1.tlog
c:\Users\Adam\documents\visual studio 2012\Projects\OOP Assignment 2\OOP Assignment 2\Debug\link.5624-rc.read.1.tlog
c:\Users\Adam\documents\visual studio 2012\Projects\OOP Assignment 2\OOP Assignment 2\Debug\link.5624-rc.write.1.tlog
c:\Users\Adam\documents\visual studio 2012\Projects\OOP Assignment 2\OOP Assignment 2\Debug\link.5624.read.1.tlog
c:\Users\Adam\documents\visual studio 2012\Projects\OOP Assignment 2\OOP Assignment 2\Debug\link.5624.write.1.tlog
c:\Users\Adam\documents\visual studio 2012\Projects\OOP Assignment 2\OOP Assignment 2\Debug\link.6688-cvtres.read.1.tlog
c:\Users\Adam\documents\visual studio 2012\Projects\OOP Assignment 2\OOP Assignment 2\Debug\link.6688-cvtres.write.1.tlog
c:\Users\Adam\documents\visual studio 2012\Projects\OOP Assignment 2\OOP Assignment 2\Debug\link.6688-rc.read.1.tlog
c:\Users\Adam\documents\visual studio 2012\Projects\OOP Assignment 2\OOP Assignment 2\Debug\link.6688-rc.write.1.tlog
c:\Users\Adam\documents\visual studio 2012\Projects\OOP Assignment 2\OOP Assignment 2\Debug\link.6688.read.1.tlog
c:\Users\Adam\documents\visual studio 2012\Projects\OOP Assignment 2\OOP Assignment 2\Debug\link.6688.write.1.tlog
c:\Users\Adam\documents\visual studio 2012\Projects\OOP Assignment 2\OOP Assignment 2\Debug\link.command.1.tlog
c:\Users\Adam\documents\visual studio 2012\Projects\OOP Assignment 2\OOP Assignment 2\Debug\link.read.1.tlog
c:\Users\Adam\documents\visual studio 2012\Projects\OOP Assignment 2\OOP Assignment 2\Debug\link.write.1.tlog
c:\Users\Adam\documents\visual studio 2012\Projects\OOP Assignment 2\OOP Assignment 2\Debug\vc110.idb
c:\Users\Adam\documents\visual studio 2012\Projects\OOP Assignment 2\OOP Assignment 2\Debug\vc110.pdb
c:\users\adam\documents\visual studio 2012\Projects\OOP Assignment 2\Debug\OOP Assignment 2.pdb
c:\users\adam\documents\visual studio 2012\Projects\OOP Assignment 2\Debug\OOP Assignment 2.exe
c:\users\adam\documents\visual studio 2012\Projects\OOP Assignment 2\Debug\OOP Assignment 2.ilk
