Build started 01/07/2015 6:34:30 PM.
     1>Project "C:\Users\Adam\OneDrive\Backup 19.01.2015\Programs\VS 2013\Projects\OOPFinalProject\OOPFinalProject\OOPFinalProject.vcxproj" on node 2 (Build target(s)).
     1>ClCompile:
         C:\Program Files (x86)\Microsoft Visual Studio 12.0\VC\bin\CL.exe /c /ZI /nologo /W3 /WX- /Od /Oy- /D WIN32 /D _WINDOWS /D _DEBUG /D _UNICODE /D UNICODE /D _AFXDLL /Gm /EHsc /RTC1 /MDd /GS /fp:precise /Zc:wchar_t /Zc:forScope /Yc"stdafx.h" /Fp"Debug\OOPFinalProject.pch" /Fo"Debug\\" /Fd"Debug\vc120.pdb" /Gd /TP /analyze- /errorReport:prompt stdafx.cpp
         stdafx.cpp
         C:\Program Files (x86)\Microsoft Visual Studio 12.0\VC\bin\CL.exe /c /ZI /nologo /W3 /WX- /Od /Oy- /D WIN32 /D _WINDOWS /D _DEBUG /D _UNICODE /D UNICODE /D _AFXDLL /Gm /EHsc /RTC1 /MDd /GS /fp:precise /Zc:wchar_t /Zc:forScope /Yu"stdafx.h" /Fp"Debug\OOPFinalProject.pch" /Fo"Debug\\" /Fd"Debug\vc120.pdb" /Gd /TP /analyze- /errorReport:prompt DialogTest.cpp Game.cpp OOPFinalProject.cpp OOPFinalProjectDlg.cpp
         OOPFinalProjectDlg.cpp
         OOPFinalProject.cpp
         Game.cpp
     1>c:\users\adam\onedrive\backup 19.01.2015\programs\vs 2013\projects\oopfinalproject\oopfinalproject\game.cpp(208): warning C4244: 'argument' : conversion from 'time_t' to 'unsigned long', possible loss of data
         DialogTest.cpp
         Generating Code...
     1>c:\users\adam\onedrive\backup 19.01.2015\programs\vs 2013\projects\oopfinalproject\oopfinalproject\game.cpp(745): warning C4715: 'Game::BigBoss::Interact' : not all control paths return a value
     1>c:\users\adam\onedrive\backup 19.01.2015\programs\vs 2013\projects\oopfinalproject\oopfinalproject\game.cpp(691): warning C4715: 'Game::MiniBoss::Interact' : not all control paths return a value
       ResourceCompile:
         C:\Program Files (x86)\Windows Kits\8.1\bin\x86\rc.exe /D _DEBUG /D _UNICODE /D UNICODE /D _AFXDLL /l"0x0409" /IDebug\ /nologo /fo"Debug\OOPFinalProject.res" OOPFinalProject.rc 
       Link:
         C:\Program Files (x86)\Microsoft Visual Studio 12.0\VC\bin\link.exe /ERRORREPORT:PROMPT /OUT:"C:\Users\Adam\OneDrive\Backup 19.01.2015\Programs\VS 2013\Projects\OOPFinalProject\Debug\OOPFinalProject.exe" /INCREMENTAL /NOLOGO /MANIFEST /MANIFESTUAC:"level='asInvoker' uiAccess='false'" /manifest:embed /manifestinput:"C:\Program Files (x86)\Microsoft Visual Studio 12.0\VC\Include\Manifest\dpiaware.manifest" /DEBUG /PDB:"C:\Users\Adam\OneDrive\Backup 19.01.2015\Programs\VS 2013\Projects\OOPFinalProject\Debug\OOPFinalProject.pdb" /SUBSYSTEM:WINDOWS /TLBID:1 /ENTRY:"wWinMainCRTStartup" /DYNAMICBASE /NXCOMPAT /IMPLIB:"C:\Users\Adam\OneDrive\Backup 19.01.2015\Programs\VS 2013\Projects\OOPFinalProject\Debug\OOPFinalProject.lib" /MACHINE:X86 Debug\OOPFinalProject.res
         Debug\DialogTest.obj
         Debug\Game.obj
         Debug\OOPFinalProject.obj
         Debug\OOPFinalProjectDlg.obj
         Debug\stdafx.obj
         OOPFinalProject.vcxproj -> C:\Users\Adam\OneDrive\Backup 19.01.2015\Programs\VS 2013\Projects\OOPFinalProject\Debug\OOPFinalProject.exe
     1>Done Building Project "C:\Users\Adam\OneDrive\Backup 19.01.2015\Programs\VS 2013\Projects\OOPFinalProject\OOPFinalProject\OOPFinalProject.vcxproj" (Build target(s)).

Build succeeded.

Time Elapsed 00:00:20.15
