Build started 20/11/2013 11:03:21 PM.
     1>Project "C:\Users\Adam\Documents\Visual Studio 2012\Projects\OOPAssignment1\OOPAssignment1\OOPAssignment1.vcxproj" on node 2 (Build target(s)).
     1>ClCompile:
         C:\Program Files (x86)\Microsoft Visual Studio 11.0\VC\bin\CL.exe /c /ZI /nologo /W3 /WX- /sdl /Od /Oy- /D WIN32 /D _DEBUG /D _CONSOLE /D _UNICODE /D UNICODE /Gm /EHsc /RTC1 /MDd /GS /fp:precise /Zc:wchar_t /Zc:forScope /Fo"Debug\\" /Fd"Debug\vc110.pdb" /Gd /TP /analyze- /errorReport:prompt Book.cpp Bookstore.cpp GlobalVariables.cpp Main.cpp UserInterface.cpp
         UserInterface.cpp
         Main.cpp
         GlobalVariables.cpp
         Bookstore.cpp
         Book.cpp
         Generating Code...
       Link:
         C:\Program Files (x86)\Microsoft Visual Studio 11.0\VC\bin\link.exe /ERRORREPORT:PROMPT /OUT:"C:\Users\Adam\Documents\Visual Studio 2012\Projects\OOPAssignment1\Debug\OOPAssignment1.exe" /INCREMENTAL /NOLOGO /LIBPATH:"C:\Program Files (x86)\Microsoft SDKs\Windows\v7.1A\Lib" kernel32.lib user32.lib gdi32.lib winspool.lib comdlg32.lib advapi32.lib shell32.lib ole32.lib oleaut32.lib uuid.lib odbc32.lib odbccp32.lib /MANIFEST /MANIFESTUAC:"level='asInvoker' uiAccess='false'" /manifest:embed /DEBUG /PDB:"C:\Users\Adam\Documents\Visual Studio 2012\Projects\OOPAssignment1\Debug\OOPAssignment1.pdb" /SUBSYSTEM:CONSOLE /TLBID:1 /DYNAMICBASE /NXCOMPAT /IMPLIB:"C:\Users\Adam\Documents\Visual Studio 2012\Projects\OOPAssignment1\Debug\OOPAssignment1.lib" /MACHINE:X86 Debug\Book.obj
         Debug\Bookstore.obj
         Debug\GlobalVariables.obj
         Debug\Main.obj
         Debug\UserInterface.obj
         OOPAssignment1.vcxproj -> C:\Users\Adam\Documents\Visual Studio 2012\Projects\OOPAssignment1\Debug\OOPAssignment1.exe
     1>Done Building Project "C:\Users\Adam\Documents\Visual Studio 2012\Projects\OOPAssignment1\OOPAssignment1\OOPAssignment1.vcxproj" (Build target(s)).

Build succeeded.

Time Elapsed 00:00:04.40
